# JRE version: Java(TM) SE Runtime Environment (8.0_45-b14) (build 1.8.0_45-b14)
# Java VM: Java HotSpot(TM) 64-Bit Server VM (25.45-b02 mixed mode bsd-amd64 compressed oops)
Heap:
 PSYoungGen      total 278528K, used 160914K [0x00000007aab00000, 0x00000007bd080000, 0x00000007c0000000)
  eden space 259584K, 61% used [0x00000007aab00000,0x00000007b48249d0,0x00000007ba880000)
  from space 18944K, 0% used [0x00000007bbe00000,0x00000007bbe00000,0x00000007bd080000)
  to   space 20480K, 0% used [0x00000007ba880000,0x00000007ba880000,0x00000007bbc80000)
 ParOldGen       total 203264K, used 74057K [0x0000000780000000, 0x000000078c680000, 0x00000007aab00000)
  object space 203264K, 36% used [0x0000000780000000,0x00000007848527f8,0x000000078c680000)
 Metaspace       used 91985K, capacity 98597K, committed 98912K, reserved 1136640K
  class space    used 10545K, capacity 12553K, committed 12640K, reserved 1048576K
GC Heap History (10 events):
Event: 18550.522 GC heap before
{Heap before GC invocations=636 (full 300):
 PSYoungGen      total 260608K, used 124987K [0x00000007aab00000, 0x00000007bd680000, 0x00000007c0000000)
  eden space 256512K, 48% used [0x00000007aab00000,0x00000007b250ee28,0x00000007ba580000)
  from space 4096K, 0% used [0x00000007ba580000,0x00000007ba580000,0x00000007ba980000)
  to   space 25088K, 0% used [0x00000007bbe00000,0x00000007bbe00000,0x00000007bd680000)
 ParOldGen       total 203264K, used 75002K [0x0000000780000000, 0x000000078c680000, 0x00000007aab00000)
  object space 203264K, 36% used [0x0000000780000000,0x000000078493e9c8,0x000000078c680000)
 Metaspace       used 91927K, capacity 98533K, committed 98912K, reserved 1136640K
  class space    used 10545K, capacity 12553K, committed 12640K, reserved 1048576K
Event: 18550.527 GC heap after
Heap after GC invocations=636 (full 300):
 PSYoungGen      total 278528K, used 2720K [0x00000007aab00000, 0x00000007bd380000, 0x00000007c0000000)
  eden space 256512K, 0% used [0x00000007aab00000,0x00000007aab00000,0x00000007ba580000)
  from space 22016K, 12% used [0x00000007bbe00000,0x00000007bc0a8270,0x00000007bd380000)
  to   space 23552K, 0% used [0x00000007ba580000,0x00000007ba580000,0x00000007bbc80000)
 ParOldGen       total 203264K, used 75002K [0x0000000780000000, 0x000000078c680000, 0x00000007aab00000)
  object space 203264K, 36% used [0x0000000780000000,0x000000078493e9c8,0x000000078c680000)
 Metaspace       used 91927K, capacity 98533K, committed 98912K, reserved 1136640K
  class space    used 10545K, capacity 12553K, committed 12640K, reserved 1048576K
}
Event: 18550.527 GC heap before
{Heap before GC invocations=637 (full 301):
 PSYoungGen      total 278528K, used 2720K [0x00000007aab00000, 0x00000007bd380000, 0x00000007c0000000)
  eden space 256512K, 0% used [0x00000007aab00000,0x00000007aab00000,0x00000007ba580000)
  from space 22016K, 12% used [0x00000007bbe00000,0x00000007bc0a8270,0x00000007bd380000)
  to   space 23552K, 0% used [0x00000007ba580000,0x00000007ba580000,0x00000007bbc80000)
 ParOldGen       total 203264K, used 75002K [0x0000000780000000, 0x000000078c680000, 0x00000007aab00000)
  object space 203264K, 36% used [0x0000000780000000,0x000000078493e9c8,0x000000078c680000)
 Metaspace       used 91927K, capacity 98533K, committed 98912K, reserved 1136640K
  class space    used 10545K, capacity 12553K, committed 12640K, reserved 1048576K
Event: 18550.676 GC heap after
Heap after GC invocations=637 (full 301):
 PSYoungGen      total 278528K, used 0K [0x00000007aab00000, 0x00000007bd380000, 0x00000007c0000000)
  eden space 256512K, 0% used [0x00000007aab00000,0x00000007aab00000,0x00000007ba580000)
  from space 22016K, 0% used [0x00000007bbe00000,0x00000007bbe00000,0x00000007bd380000)
  to   space 23552K, 0% used [0x00000007ba580000,0x00000007ba580000,0x00000007bbc80000)
 ParOldGen       total 203264K, used 73857K [0x0000000780000000, 0x000000078c680000, 0x00000007aab00000)
  object space 203264K, 36% used [0x0000000780000000,0x0000000784820488,0x000000078c680000)
 Metaspace       used 91927K, capacity 98533K, committed 98912K, reserved 1136640K
  class space    used 10545K, capacity 12553K, committed 12640K, reserved 1048576K
}
Event: 18601.283 GC heap before
{Heap before GC invocations=638 (full 301):
 PSYoungGen      total 278528K, used 256512K [0x00000007aab00000, 0x00000007bd380000, 0x00000007c0000000)
  eden space 256512K, 100% used [0x00000007aab00000,0x00000007ba580000,0x00000007ba580000)
  from space 22016K, 0% used [0x00000007bbe00000,0x00000007bbe00000,0x00000007bd380000)
  to   space 23552K, 0% used [0x00000007ba580000,0x00000007ba580000,0x00000007bbc80000)
 ParOldGen       total 203264K, used 73857K [0x0000000780000000, 0x000000078c680000, 0x00000007aab00000)
  object space 203264K, 36% used [0x0000000780000000,0x0000000784820488,0x000000078c680000)
 Metaspace       used 91958K, capacity 98533K, committed 98912K, reserved 1136640K
  class space    used 10545K, capacity 12553K, committed 12640K, reserved 1048576K
Event: 18601.288 GC heap after
Heap after GC invocations=638 (full 301):
 PSYoungGen      total 280064K, used 4423K [0x00000007aab00000, 0x00000007bd380000, 0x00000007c0000000)
  eden space 256512K, 0% used [0x00000007aab00000,0x00000007aab00000,0x00000007ba580000)
  from space 23552K, 18% used [0x00000007ba580000,0x00000007ba9d1c60,0x00000007bbc80000)
  to   space 22016K, 0% used [0x00000007bbe00000,0x00000007bbe00000,0x00000007bd380000)
 ParOldGen       total 203264K, used 73865K [0x0000000780000000, 0x000000078c680000, 0x00000007aab00000)
  object space 203264K, 36% used [0x0000000780000000,0x0000000784822488,0x000000078c680000)
 Metaspace       used 91958K, capacity 98533K, committed 98912K, reserved 1136640K
  class space    used 10545K, capacity 12553K, committed 12640K, reserved 1048576K
}
Event: 18610.523 GC heap before
{Heap before GC invocations=639 (full 301):
 PSYoungGen      total 280064K, used 23870K [0x00000007aab00000, 0x00000007bd380000, 0x00000007c0000000)
  eden space 256512K, 7% used [0x00000007aab00000,0x00000007abdfdee8,0x00000007ba580000)
  from space 23552K, 18% used [0x00000007ba580000,0x00000007ba9d1c60,0x00000007bbc80000)
  to   space 22016K, 0% used [0x00000007bbe00000,0x00000007bbe00000,0x00000007bd380000)
 ParOldGen       total 203264K, used 73865K [0x0000000780000000, 0x000000078c680000, 0x00000007aab00000)
  object space 203264K, 36% used [0x0000000780000000,0x0000000784822488,0x000000078c680000)
 Metaspace       used 91959K, capacity 98597K, committed 98912K, reserved 1136640K
  class space    used 10545K, capacity 12553K, committed 12640K, reserved 1048576K
Event: 18610.528 GC heap after
Heap after GC invocations=639 (full 301):
 PSYoungGen      total 278528K, used 4123K [0x00000007aab00000, 0x00000007bd080000, 0x00000007c0000000)
  eden space 259584K, 0% used [0x00000007aab00000,0x00000007aab00000,0x00000007ba880000)
  from space 18944K, 21% used [0x00000007bbe00000,0x00000007bc206fe8,0x00000007bd080000)
  to   space 20480K, 0% used [0x00000007ba880000,0x00000007ba880000,0x00000007bbc80000)
 ParOldGen       total 203264K, used 73865K [0x0000000780000000, 0x000000078c680000, 0x00000007aab00000)
  object space 203264K, 36% used [0x0000000780000000,0x0000000784822488,0x000000078c680000)
 Metaspace       used 91959K, capacity 98597K, committed 98912K, reserved 1136640K
  class space    used 10545K, capacity 12553K, committed 12640K, reserved 1048576K
}
Event: 18610.528 GC heap before
{Heap before GC invocations=640 (full 302):
 PSYoungGen      total 278528K, used 4123K [0x00000007aab00000, 0x00000007bd080000, 0x00000007c0000000)
  eden space 259584K, 0% used [0x00000007aab00000,0x00000007aab00000,0x00000007ba880000)
  from space 18944K, 21% used [0x00000007bbe00000,0x00000007bc206fe8,0x00000007bd080000)
  to   space 20480K, 0% used [0x00000007ba880000,0x00000007ba880000,0x00000007bbc80000)
 ParOldGen       total 203264K, used 73865K [0x0000000780000000, 0x000000078c680000, 0x00000007aab00000)
  object space 203264K, 36% used [0x0000000780000000,0x0000000784822488,0x000000078c680000)
 Metaspace       used 91959K, capacity 98597K, committed 98912K, reserved 1136640K
  class space    used 10545K, capacity 12553K, committed 12640K, reserved 1048576K
Event: 18610.693 GC heap after
Heap after GC invocations=640 (full 302):
 PSYoungGen      total 278528K, used 0K [0x00000007aab00000, 0x00000007bd080000, 0x00000007c0000000)
  eden space 259584K, 0% used [0x00000007aab00000,0x00000007aab00000,0x00000007ba880000)
  from space 18944K, 0% used [0x00000007bbe00000,0x00000007bbe00000,0x00000007bd080000)
  to   space 20480K, 0% used [0x00000007ba880000,0x00000007ba880000,0x00000007bbc80000)
 ParOldGen       total 203264K, used 74057K [0x0000000780000000, 0x000000078c680000, 0x00000007aab00000)
  object space 203264K, 36% used [0x0000000780000000,0x00000007848527f8,0x000000078c680000)
 Metaspace       used 91959K, capacity 98597K, committed 98912K, reserved 1136640K
  class space    used 10545K, capacity 12553K, committed 12640K, reserved 1048576K
}

